<?xml version="1.0" encoding="UTF-8"?>
<!-- Generated by org.testng.reporters.JUnitReportReporter -->
<testsuite skipped="9" hostname="WKWIN3661704" name="com.gamestop.tests_staging.GameStop_E2E_stage" tests="10" failures="0" timestamp="2020-10-20T21:31:11 IST" time="216.266" errors="1">
  <testcase name="driverInitiate" time="216.266" classname="com.gamestop.tests_staging.GameStop_E2E_stage">
    <error type="org.openqa.selenium.ElementNotInteractableException" message="element not interactable
  (Session info: chrome=86.0.4240.75)
Build info: version: &#039;3.141.59&#039;, revision: &#039;e82be7d358&#039;, time: &#039;2018-11-14T08:17:03&#039;
System info: host: &#039;WKWIN3661704&#039;, ip: &#039;192.168.43.46&#039;, os.name: &#039;Windows 10&#039;, os.arch: &#039;amd64&#039;, os.version: &#039;10.0&#039;, java.version: &#039;1.8.0_261&#039;
Driver info: org.openqa.selenium.chrome.ChromeDriver
Capabilities {acceptInsecureCerts: false, browserName: chrome, browserVersion: 86.0.4240.75, chrome: {chromedriverVersion: 86.0.4240.22 (398b0743353ff..., userDataDir: C:\Users\chich\AppData\Loca...}, goog:chromeOptions: {debuggerAddress: localhost:54868}, javascriptEnabled: true, networkConnectionEnabled: false, pageLoadStrategy: normal, platform: WINDOWS, platformName: WINDOWS, proxy: Proxy(), setWindowRect: true, strictFileInteractability: false, timeouts: {implicit: 0, pageLoad: 300000, script: 30000}, unhandledPromptBehavior: dismiss and notify, webauthn:virtualAuthenticators: true}
Session ID: f2d1535c5e4b7afe6752190af96f289b">
      <![CDATA[org.openqa.selenium.ElementNotInteractableException: element not interactable
  (Session info: chrome=86.0.4240.75)
Build info: version: '3.141.59', revision: 'e82be7d358', time: '2018-11-14T08:17:03'
System info: host: 'WKWIN3661704', ip: '192.168.43.46', os.name: 'Windows 10', os.arch: 'amd64', os.version: '10.0', java.version: '1.8.0_261'
Driver info: org.openqa.selenium.chrome.ChromeDriver
Capabilities {acceptInsecureCerts: false, browserName: chrome, browserVersion: 86.0.4240.75, chrome: {chromedriverVersion: 86.0.4240.22 (398b0743353ff..., userDataDir: C:\Users\chich\AppData\Loca...}, goog:chromeOptions: {debuggerAddress: localhost:54868}, javascriptEnabled: true, networkConnectionEnabled: false, pageLoadStrategy: normal, platform: WINDOWS, platformName: WINDOWS, proxy: Proxy(), setWindowRect: true, strictFileInteractability: false, timeouts: {implicit: 0, pageLoad: 300000, script: 30000}, unhandledPromptBehavior: dismiss and notify, webauthn:virtualAuthenticators: true}
Session ID: f2d1535c5e4b7afe6752190af96f289b
at sun.reflect.NativeConstructorAccessorImpl.newInstance0(Native Method)
at sun.reflect.NativeConstructorAccessorImpl.newInstance(Unknown Source)
at sun.reflect.DelegatingConstructorAccessorImpl.newInstance(Unknown Source)
at java.lang.reflect.Constructor.newInstance(Unknown Source)
at org.openqa.selenium.remote.http.W3CHttpResponseCodec.createException(W3CHttpResponseCodec.java:187)
at org.openqa.selenium.remote.http.W3CHttpResponseCodec.decode(W3CHttpResponseCodec.java:122)
at org.openqa.selenium.remote.http.W3CHttpResponseCodec.decode(W3CHttpResponseCodec.java:49)
at org.openqa.selenium.remote.HttpCommandExecutor.execute(HttpCommandExecutor.java:158)
at org.openqa.selenium.remote.service.DriverCommandExecutor.execute(DriverCommandExecutor.java:83)
at org.openqa.selenium.remote.RemoteWebDriver.execute(RemoteWebDriver.java:552)
at org.openqa.selenium.remote.RemoteWebElement.execute(RemoteWebElement.java:285)
at org.openqa.selenium.remote.RemoteWebElement.click(RemoteWebElement.java:84)
at sun.reflect.NativeMethodAccessorImpl.invoke0(Native Method)
at sun.reflect.NativeMethodAccessorImpl.invoke(Unknown Source)
at sun.reflect.DelegatingMethodAccessorImpl.invoke(Unknown Source)
at java.lang.reflect.Method.invoke(Unknown Source)
at org.openqa.selenium.support.pagefactory.internal.LocatingElementHandler.invoke(LocatingElementHandler.java:51)
at com.sun.proxy.$Proxy28.click(Unknown Source)
at com.gamsestop.pages.HomePage_Stage.stagingPlus1Day(HomePage_Stage.java:211)
at com.gamestop.workflows.Home_Stage.selectingDate(Home_Stage.java:50)
at com.gamestop.tests_staging.GameStop_E2E_stage.driverInitiate(GameStop_E2E_stage.java:65)
at sun.reflect.NativeMethodAccessorImpl.invoke0(Native Method)
at sun.reflect.NativeMethodAccessorImpl.invoke(Unknown Source)
at sun.reflect.DelegatingMethodAccessorImpl.invoke(Unknown Source)
at java.lang.reflect.Method.invoke(Unknown Source)
at org.testng.internal.MethodInvocationHelper.invokeMethod(MethodInvocationHelper.java:132)
at org.testng.internal.MethodInvocationHelper.invokeMethodConsideringTimeout(MethodInvocationHelper.java:61)
at org.testng.internal.ConfigInvoker.invokeConfigurationMethod(ConfigInvoker.java:366)
at org.testng.internal.ConfigInvoker.invokeConfigurations(ConfigInvoker.java:320)
at org.testng.TestRunner.invokeTestConfigurations(TestRunner.java:617)
at org.testng.TestRunner.beforeRun(TestRunner.java:607)
at org.testng.TestRunner.run(TestRunner.java:578)
at org.testng.SuiteRunner.runTest(SuiteRunner.java:384)
at org.testng.SuiteRunner.runSequentially(SuiteRunner.java:378)
at org.testng.SuiteRunner.privateRun(SuiteRunner.java:337)
at org.testng.SuiteRunner.run(SuiteRunner.java:286)
at org.testng.SuiteRunnerWorker.runSuite(SuiteRunnerWorker.java:53)
at org.testng.SuiteRunnerWorker.run(SuiteRunnerWorker.java:96)
at org.testng.TestNG.runSuitesSequentially(TestNG.java:1218)
at org.testng.TestNG.runSuitesLocally(TestNG.java:1140)
at org.testng.TestNG.runSuites(TestNG.java:1069)
at org.testng.TestNG.run(TestNG.java:1037)
at org.testng.remote.AbstractRemoteTestNG.run(AbstractRemoteTestNG.java:115)
at org.testng.remote.RemoteTestNG.initAndRun(RemoteTestNG.java:251)
at org.testng.remote.RemoteTestNG.main(RemoteTestNG.java:77)
]]>
    </error>
  </testcase> <!-- driverInitiate -->
  <system-out/>
  <testcase name="videoGames_homepage" time="0.000" classname="com.gamestop.tests_staging.GameStop_E2E_stage">
    <skipped/>
  </testcase> <!-- videoGames_homepage -->
  <system-out/>
  <testcase name="accessories" time="0.000" classname="com.gamestop.tests_staging.GameStop_E2E_stage">
    <skipped/>
  </testcase> <!-- accessories -->
  <system-out/>
  <testcase name="videoGames" time="0.000" classname="com.gamestop.tests_staging.GameStop_E2E_stage">
    <skipped/>
  </testcase> <!-- videoGames -->
  <system-out/>
  <testcase name="toysAndCollectiblies" time="0.000" classname="com.gamestop.tests_staging.GameStop_E2E_stage">
    <skipped/>
  </testcase> <!-- toysAndCollectiblies -->
  <system-out/>
  <testcase name="electronics" time="0.000" classname="com.gamestop.tests_staging.GameStop_E2E_stage">
    <skipped/>
  </testcase> <!-- electronics -->
  <system-out/>
  <testcase name="clothing" time="0.000" classname="com.gamestop.tests_staging.GameStop_E2E_stage">
    <skipped/>
  </testcase> <!-- clothing -->
  <system-out/>
  <testcase name="dealsOfTheDay" time="0.000" classname="com.gamestop.tests_staging.GameStop_E2E_stage">
    <skipped/>
  </testcase> <!-- dealsOfTheDay -->
  <system-out/>
  <testcase name="giftCards" time="0.000" classname="com.gamestop.tests_staging.GameStop_E2E_stage">
    <skipped/>
  </testcase> <!-- giftCards -->
  <system-out/>
  <testcase name="homePage" classname="com.gamestop.tests_staging.GameStop_E2E_stage">
    <skipped/>
  </testcase> <!-- homePage -->
  <system-out/>
</testsuite> <!-- com.gamestop.tests_staging.GameStop_E2E_stage -->
